2023-08-06 18:58:47 [restartedMain] INFO  com.mfp.api.MFPApplication - Starting MFPApplication using Java 17.0.2 on HP with PID 15028 (D:\Maruti Foundation\Workspace\MFP-Sanjeevani\target\classes started by Rohit in D:\Maruti Foundation\Workspace\MFP-Sanjeevani)
2023-08-06 18:58:47 [restartedMain] INFO  com.mfp.api.MFPApplication - No active profile set, falling back to default profiles: default
2023-08-06 18:58:47 [restartedMain] INFO  o.s.b.d.e.DevToolsPropertyDefaultsPostProcessor - Devtools property defaults active! Set 'spring.devtools.add-properties' to 'false' to disable
2023-08-06 18:58:47 [restartedMain] INFO  o.s.b.d.e.DevToolsPropertyDefaultsPostProcessor - For additional web related logging consider setting the 'logging.level.web' property to 'DEBUG'
2023-08-06 18:58:49 [restartedMain] INFO  o.s.d.r.c.RepositoryConfigurationDelegate - Bootstrapping Spring Data JPA repositories in DEFAULT mode.
2023-08-06 18:58:49 [restartedMain] INFO  o.s.d.r.c.RepositoryConfigurationDelegate - Finished Spring Data repository scanning in 39 ms. Found 0 JPA repository interfaces.
2023-08-06 18:58:51 [restartedMain] INFO  o.s.b.w.e.tomcat.TomcatWebServer - Tomcat initialized with port(s): 8888 (http)
2023-08-06 18:58:51 [restartedMain] INFO  o.a.catalina.core.StandardService - Starting service [Tomcat]
2023-08-06 18:58:51 [restartedMain] INFO  o.a.catalina.core.StandardEngine - Starting Servlet engine: [Apache Tomcat/9.0.48]
2023-08-06 18:58:52 [restartedMain] INFO  o.a.c.c.C.[Tomcat].[localhost].[/] - Initializing Spring embedded WebApplicationContext
2023-08-06 18:58:52 [restartedMain] INFO  o.s.b.w.s.c.ServletWebServerApplicationContext - Root WebApplicationContext: initialization completed in 4773 ms
2023-08-06 18:58:52 [restartedMain] INFO  org.hibernate.Version - HHH000412: Hibernate ORM core version 5.4.32.Final
2023-08-06 18:58:58 [restartedMain] INFO  o.h.annotations.common.Version - HCANN000001: Hibernate Commons Annotations {5.1.2.Final}
2023-08-06 18:58:59 [restartedMain] INFO  org.hibernate.dialect.Dialect - HHH000400: Using dialect: org.hibernate.dialect.MySQL8Dialect
2023-08-06 18:59:03 [restartedMain] INFO  o.h.e.t.j.p.i.JtaPlatformInitiator - HHH000490: Using JtaPlatform implementation: [org.hibernate.engine.transaction.jta.platform.internal.NoJtaPlatform]
2023-08-06 18:59:03 [restartedMain] WARN  o.a.c.c.C.[Tomcat].[localhost].[/] - Cannot deserialize session attribute [SPRING_SECURITY_CONTEXT] for session [A2FDFD374286D62025CE3AE9A131023A]
2023-08-06 18:59:05 [restartedMain] INFO  o.s.s.web.DefaultSecurityFilterChain - Will secure Ant [pattern='/v2/api-docs'] with []
2023-08-06 18:59:05 [restartedMain] INFO  o.s.s.web.DefaultSecurityFilterChain - Will secure Ant [pattern='/configuration/ui'] with []
2023-08-06 18:59:05 [restartedMain] INFO  o.s.s.web.DefaultSecurityFilterChain - Will secure Ant [pattern='/swagger-resources/**'] with []
2023-08-06 18:59:05 [restartedMain] INFO  o.s.s.web.DefaultSecurityFilterChain - Will secure Ant [pattern='/configuration/security'] with []
2023-08-06 18:59:05 [restartedMain] INFO  o.s.s.web.DefaultSecurityFilterChain - Will secure Ant [pattern='/swagger-ui.html/**'] with []
2023-08-06 18:59:05 [restartedMain] INFO  o.s.s.web.DefaultSecurityFilterChain - Will secure Ant [pattern='/webjars/**'] with []
2023-08-06 18:59:05 [restartedMain] INFO  o.s.s.web.DefaultSecurityFilterChain - Will secure any request with [org.springframework.security.web.context.request.async.WebAsyncManagerIntegrationFilter@71bc4dfc, org.springframework.security.web.context.SecurityContextPersistenceFilter@4a993397, org.springframework.security.web.header.HeaderWriterFilter@1ab3d451, org.springframework.security.web.authentication.logout.LogoutFilter@5d8235aa, com.mfp.api.config.JwtAuthenticationFilter@2e34362f, org.springframework.security.web.authentication.www.BasicAuthenticationFilter@4f180993, org.springframework.security.web.savedrequest.RequestCacheAwareFilter@460dd8a1, org.springframework.security.web.servletapi.SecurityContextHolderAwareRequestFilter@5757a24, org.springframework.security.web.authentication.AnonymousAuthenticationFilter@6cb00cab, org.springframework.security.web.session.SessionManagementFilter@66fb01f9, org.springframework.security.web.access.ExceptionTranslationFilter@55b58a0e, org.springframework.security.web.access.intercept.FilterSecurityInterceptor@79be63fd]
2023-08-06 18:59:05 [restartedMain] INFO  s.d.s.w.PropertySourcedRequestMappingHandlerMapping - Mapped URL path [/v2/api-docs] onto method [springfox.documentation.swagger2.web.Swagger2Controller#getDocumentation(String, HttpServletRequest)]
2023-08-06 18:59:05 [restartedMain] INFO  o.s.b.d.a.OptionalLiveReloadServer - LiveReload server is running on port 35729
2023-08-06 18:59:06 [restartedMain] WARN  o.s.b.a.o.j.JpaBaseConfiguration$JpaWebConfiguration - spring.jpa.open-in-view is enabled by default. Therefore, database queries may be performed during view rendering. Explicitly configure spring.jpa.open-in-view to disable this warning
2023-08-06 18:59:06 [restartedMain] INFO  o.s.b.w.e.tomcat.TomcatWebServer - Tomcat started on port(s): 8888 (http) with context path ''
2023-08-06 18:59:06 [restartedMain] INFO  s.d.s.w.p.DocumentationPluginsBootstrapper - Context refreshed
2023-08-06 18:59:06 [restartedMain] INFO  s.d.s.w.p.DocumentationPluginsBootstrapper - Found 1 custom documentation plugin(s)
2023-08-06 18:59:06 [restartedMain] INFO  s.d.s.w.s.ApiListingReferenceScanner - Scanning for api listing references
2023-08-06 18:59:06 [restartedMain] INFO  s.d.s.w.r.o.CachingOperationNameGenerator - Generating unique operation named: getAppointmentsByDoctorIdAndAppointmentDateUsingGET_1
2023-08-06 18:59:07 [restartedMain] INFO  com.mfp.api.MFPApplication - Started MFPApplication in 20.895 seconds (JVM running for 23.428)
2023-08-06 18:59:26 [RMI TCP Connection(4)-127.0.0.1] INFO  o.s.b.a.SpringApplicationAdminMXBeanRegistrar$SpringApplicationAdmin - Application shutdown requested.
